Performing C++ SOURCE FILE Test COMPILER_HAS_DEPRECATED_ATTR failed with the following output:
Change Dir: C:/Users/jdyun/Desktop/cmake-test/cmake_self_tutorial/build/vs2022/CMakeFiles/CMakeTmp

Run Build Command(s):D:/Program Files/Microsoft Visual Studio/2022/Enterprise/MSBuild/Current/Bin/amd64/MSBuild.exe cmTC_e44ab.vcxproj /p:Configuration=Debug /p:Platform=x64 /p:VisualStudioVersion=17.0 /v:m && Microsoft (R) Build Engine version 17.2.1+52cd2da31 for .NET Framework
Copyright (C) Microsoft Corporation. All rights reserved.

  Microsoft (R) C/C++ Optimizing Compiler Version 19.32.31332 for x64
  src.cxx
C:\Users\jdyun\Desktop\cmake-test\cmake_self_tutorial\build\vs2022\CMakeFiles\CMakeTmp\src.cxx(1,16): error C2065: '__deprecated__': undeclared identifier [C:\Users\jdyun\Desktop\cmake-test\cmake_self_tutorial\build\vs2022\CMakeFiles\CMakeTmp\cmTC_e44ab.vcxproj]
  Copyright (C) Microsoft Corporation.  All rights reserved.
  cl /c /Zi /W3 /WX- /diagnostics:column /Od /Ob0 /D _MBCS /D WIN32 /D _WINDOWS /D COMPILER_HAS_DEPRECATED_ATTR /D "CMAKE_INTDIR=\"Debug\"" /Gm- /EHsc /RTC1 /MDd /GS /fp:precise /Zc:wchar_t /Zc:forScope /Zc:inline /GR /Fo"cmTC_e44ab.dir\Debug\\" /Fd"cmTC_e44ab.dir\Debug\vc143.pdb" /external:W3 /Gd /TP /errorReport:queue "C:\Users\jdyun\Desktop\cmake-test\cmake_self_tutorial\build\vs2022\CMakeFiles\CMakeTmp\src.cxx"
C:\Users\jdyun\Desktop\cmake-test\cmake_self_tutorial\build\vs2022\CMakeFiles\CMakeTmp\src.cxx(1,31): error C4430: missing type specifier - int assumed. Note: C++ does not support default-int [C:\Users\jdyun\Desktop\cmake-test\cmake_self_tutorial\build\vs2022\CMakeFiles\CMakeTmp\cmTC_e44ab.vcxproj]
C:\Users\jdyun\Desktop\cmake-test\cmake_self_tutorial\build\vs2022\CMakeFiles\CMakeTmp\src.cxx(1,33): error C2062: type 'int' unexpected [C:\Users\jdyun\Desktop\cmake-test\cmake_self_tutorial\build\vs2022\CMakeFiles\CMakeTmp\cmTC_e44ab.vcxproj]
C:\Users\jdyun\Desktop\cmake-test\cmake_self_tutorial\build\vs2022\CMakeFiles\CMakeTmp\src.cxx(1,48): error C2143: syntax error: missing ';' before '{' [C:\Users\jdyun\Desktop\cmake-test\cmake_self_tutorial\build\vs2022\CMakeFiles\CMakeTmp\cmTC_e44ab.vcxproj]
C:\Users\jdyun\Desktop\cmake-test\cmake_self_tutorial\build\vs2022\CMakeFiles\CMakeTmp\src.cxx(1,48): error C2447: '{': missing function header (old-style formal list?) [C:\Users\jdyun\Desktop\cmake-test\cmake_self_tutorial\build\vs2022\CMakeFiles\CMakeTmp\cmTC_e44ab.vcxproj]
C:\Users\jdyun\Desktop\cmake-test\cmake_self_tutorial\build\vs2022\CMakeFiles\CMakeTmp\src.cxx(2,25): error C3861: 'somefunc': identifier not found [C:\Users\jdyun\Desktop\cmake-test\cmake_self_tutorial\build\vs2022\CMakeFiles\CMakeTmp\cmTC_e44ab.vcxproj]


Source file was:
__attribute__((__deprecated__)) int somefunc() { return 0; }
    int main() { return somefunc();}
